consign v0.1.6 Initialized in C:\projects\www\ntalk
+ .\models\usuario.js
+ .\controllers\chat.js
+ .\controllers\contatos.js
+ .\controllers\home.js
+ .\routes\chat.js
+ .\routes\contatos.js
+ .\routes\home.js
+ .\events\chat.js
consign v0.1.6 Initialized in C:\projects\www\ntalk
+ .\models\usuario.js
+ .\controllers\chat.js
+ .\controllers\contatos.js
+ .\controllers\home.js
+ .\routes\chat.js
+ .\routes\contatos.js
+ .\routes\home.js
+ .\events\chat.js
consign v0.1.6 Initialized in C:\projects\www\ntalk
+ .\models\usuario.js
+ .\controllers\chat.js
+ .\controllers\contatos.js
+ .\controllers\home.js
+ .\routes\chat.js
+ .\routes\contatos.js
+ .\routes\home.js
+ .\events\chat.js
consign v0.1.6 Initialized in C:\projects\www\ntalk
+ .\models\usuario.js
+ .\controllers\chat.js
+ .\controllers\contatos.js
+ .\controllers\home.js
+ .\routes\chat.js
+ .\routes\contatos.js
+ .\routes\home.js
+ .\events\chat.js
Ntalk no ar
Cluster 7264 conectado
Ntalk no ar
Cluster 10184 conectado
Ntalk no ar
Cluster 9740 conectado
Ntalk no ar
Cluster 1048 conectado
consign v0.1.6 Initialized in C:\projects\www\ntalk
+ .\models\usuario.js
+ .\controllers\chat.js
+ .\controllers\contatos.js
+ .\controllers\home.js
+ .\routes\chat.js
+ .\routes\contatos.js
+ .\routes\home.js
+ .\events\chat.js
consign v0.1.6 Initialized in C:\projects\www\ntalk
+ .\models\usuario.js
+ .\controllers\chat.js
+ .\controllers\contatos.js
+ .\controllers\home.js
+ .\routes\chat.js
+ .\routes\contatos.js
+ .\routes\home.js
+ .\events\chat.js
consign v0.1.6 Initialized in C:\projects\www\ntalk
+ .\models\usuario.js
+ .\controllers\chat.js
+ .\controllers\contatos.js
+ .\controllers\home.js
+ .\routes\chat.js
+ .\routes\contatos.js
+ .\routes\home.js
+ .\events\chat.js
consign v0.1.6 Initialized in C:\projects\www\ntalk
+ .\models\usuario.js
+ .\controllers\chat.js
+ .\controllers\contatos.js
+ .\controllers\home.js
+ .\routes\chat.js
+ .\routes\contatos.js
+ .\routes\home.js
+ .\events\chat.js
Ntalk no ar
Cluster 6492 conectado
Ntalk no ar
Cluster 8656 conectado
Ntalk no ar
Cluster 9224 conectado
Ntalk no ar
Cluster 8552 conectado
consign v0.1.6 Initialized in C:\projects\www\ntalk
+ .\models\usuario.js
+ .\controllers\chat.js
+ .\controllers\contatos.js
+ .\controllers\home.js
+ .\routes\chat.js
+ .\routes\contatos.js
+ .\routes\home.js
+ .\events\chat.js
consign v0.1.6 Initialized in C:\projects\www\ntalk
+ .\models\usuario.js
+ .\controllers\chat.js
+ .\controllers\contatos.js
+ .\controllers\home.js
+ .\routes\chat.js
+ .\routes\contatos.js
+ .\routes\home.js
+ .\events\chat.js
consign v0.1.6 Initialized in C:\projects\www\ntalk
+ .\models\usuario.js
+ .\controllers\chat.js
+ .\controllers\contatos.js
+ .\controllers\home.js
+ .\routes\chat.js
+ .\routes\contatos.js
+ .\routes\home.js
+ .\events\chat.js
consign v0.1.6 Initialized in C:\projects\www\ntalk
+ .\models\usuario.js
+ .\controllers\chat.js
+ .\controllers\contatos.js
+ .\controllers\home.js
+ .\routes\chat.js
+ .\routes\contatos.js
+ .\routes\home.js
+ .\events\chat.js
Ntalk no ar
Cluster 7972 conectado
Ntalk no ar
Cluster 9340 conectado
Ntalk no ar
Cluster 6808 conectado
Ntalk no ar
Cluster 9292 conectado
consign v0.1.6 Initialized in C:\projects\www\ntalk
+ .\models\usuario.js
+ .\controllers\chat.js
+ .\controllers\contatos.js
+ .\controllers\home.js
+ .\routes\chat.js
+ .\routes\contatos.js
+ .\routes\home.js
+ .\events\chat.js
consign v0.1.6 Initialized in C:\projects\www\ntalk
+ .\models\usuario.js
+ .\controllers\chat.js
+ .\controllers\contatos.js
+ .\controllers\home.js
+ .\routes\chat.js
+ .\routes\contatos.js
+ .\routes\home.js
+ .\events\chat.js
consign v0.1.6 Initialized in C:\projects\www\ntalk
+ .\models\usuario.js
+ .\controllers\chat.js
+ .\controllers\contatos.js
+ .\controllers\home.js
+ .\routes\chat.js
+ .\routes\contatos.js
+ .\routes\home.js
+ .\events\chat.js
consign v0.1.6 Initialized in C:\projects\www\ntalk
+ .\models\usuario.js
+ .\controllers\chat.js
+ .\controllers\contatos.js
+ .\controllers\home.js
+ .\routes\chat.js
+ .\routes\contatos.js
+ .\routes\home.js
+ .\events\chat.js
Ntalk no ar
Cluster 7304 conectado
Ntalk no ar
Cluster 8268 conectado
Ntalk no ar
Cluster 3236 conectado
Ntalk no ar
Cluster 9716 conectado
consign v0.1.6 Initialized in C:\projects\www\ntalk
+ .\models\usuario.js
+ .\controllers\chat.js
+ .\controllers\contatos.js
+ .\controllers\home.js
+ .\routes\chat.js
+ .\routes\contatos.js
+ .\routes\home.js
+ .\events\chat.js
consign v0.1.6 Initialized in C:\projects\www\ntalk
+ .\models\usuario.js
+ .\controllers\chat.js
+ .\controllers\contatos.js
+ .\controllers\home.js
+ .\routes\chat.js
+ .\routes\contatos.js
+ .\routes\home.js
+ .\events\chat.js
consign v0.1.6 Initialized in C:\projects\www\ntalk
+ .\models\usuario.js
+ .\controllers\chat.js
+ .\controllers\contatos.js
+ .\controllers\home.js
+ .\routes\chat.js
+ .\routes\contatos.js
+ .\routes\home.js
+ .\events\chat.js
consign v0.1.6 Initialized in C:\projects\www\ntalk
+ .\models\usuario.js
+ .\controllers\chat.js
+ .\controllers\contatos.js
+ .\controllers\home.js
+ .\routes\chat.js
+ .\routes\contatos.js
+ .\routes\home.js
+ .\events\chat.js
Ntalk no ar
Cluster 7876 conectado
Ntalk no ar
Cluster 9372 conectado
Ntalk no ar
Cluster 7372 conectado
Ntalk no ar
Cluster 7380 conectado
consign v0.1.6 Initialized in C:\projects\www\ntalk
consign v0.1.6 Initialized in C:\projects\www\ntalk
+ .\models\usuario.js
+ .\controllers\chat.js
+ .\models\usuario.js
+ .\controllers\contatos.js
+ .\controllers\home.js
+ .\controllers\chat.js
+ .\controllers\contatos.js
+ .\routes\chat.js
+ .\controllers\home.js
+ .\routes\contatos.js
+ .\routes\home.js
+ .\routes\chat.js
+ .\routes\contatos.js
+ .\events\chat.js
+ .\routes\home.js
+ .\events\chat.js
consign v0.1.6 Initialized in C:\projects\www\ntalk
+ .\models\usuario.js
+ .\controllers\chat.js
+ .\controllers\contatos.js
+ .\controllers\home.js
+ .\routes\chat.js
+ .\routes\contatos.js
+ .\routes\home.js
+ .\events\chat.js
consign v0.1.6 Initialized in C:\projects\www\ntalk
+ .\models\usuario.js
+ .\controllers\chat.js
+ .\controllers\contatos.js
+ .\controllers\home.js
+ .\routes\chat.js
+ .\routes\contatos.js
+ .\routes\home.js
+ .\events\chat.js
Ntalk no ar
Cluster 4880 conectado
Ntalk no ar
Cluster 9504 conectado
Ntalk no ar
Cluster 9860 conectado
Ntalk no ar
Cluster 5224 conectado
consign v0.1.6 Initialized in C:\projects\www\ntalk
consign v0.1.6 Initialized in C:\projects\www\ntalk
consign v0.1.6 Initialized in C:\projects\www\ntalk
+ .\models\usuario.js
+ .\models\usuario.js
+ .\models\usuario.js
+ .\controllers\chat.js
+ .\controllers\chat.js
+ .\controllers\contatos.js
+ .\controllers\contatos.js
+ .\controllers\chat.js
+ .\controllers\home.js
+ .\controllers\home.js
+ .\controllers\contatos.js
+ .\controllers\home.js
+ .\routes\chat.js
+ .\routes\chat.js
consign v0.1.6 Initialized in C:\projects\www\ntalk
+ .\routes\chat.js
+ .\routes\contatos.js
+ .\routes\contatos.js
+ .\routes\contatos.js
+ .\routes\home.js
+ .\routes\home.js
+ .\events\chat.js
+ .\events\chat.js
+ .\routes\home.js
+ .\events\chat.js
+ .\models\usuario.js
+ .\controllers\chat.js
+ .\controllers\contatos.js
+ .\controllers\home.js
+ .\routes\chat.js
+ .\routes\contatos.js
+ .\routes\home.js
+ .\events\chat.js
Ntalk no ar
Cluster 7808 conectado
Ntalk no ar
Cluster 9716 conectado
Ntalk no ar
Cluster 9972 conectado
Ntalk no ar
Cluster 1396 conectado
consign v0.1.6 Initialized in C:\projects\www\ntalk
+ .\models\usuario.js
+ .\controllers\chat.js
+ .\controllers\contatos.js
+ .\controllers\home.js
+ .\routes\chat.js
+ .\routes\contatos.js
+ .\routes\home.js
+ .\events\chat.js
consign v0.1.6 Initialized in C:\projects\www\ntalk
+ .\models\usuario.js
+ .\controllers\chat.js
+ .\controllers\contatos.js
+ .\controllers\home.js
+ .\routes\chat.js
+ .\routes\contatos.js
+ .\routes\home.js
+ .\events\chat.js
consign v0.1.6 Initialized in C:\projects\www\ntalk
+ .\models\usuario.js
+ .\controllers\chat.js
+ .\controllers\contatos.js
+ .\controllers\home.js
+ .\routes\chat.js
+ .\routes\contatos.js
+ .\routes\home.js
+ .\events\chat.js
consign v0.1.6 Initialized in C:\projects\www\ntalk
+ .\models\usuario.js
+ .\controllers\chat.js
+ .\controllers\contatos.js
+ .\controllers\home.js
+ .\routes\chat.js
+ .\routes\contatos.js
+ .\routes\home.js
+ .\events\chat.js
consign v0.1.6 Initialized in C:\projects\www\ntalk
+ .\models\usuario.js
+ .\controllers\chat.js
+ .\controllers\contatos.js
+ .\controllers\home.js
+ .\routes\chat.js
+ .\routes\contatos.js
+ .\routes\home.js
+ .\events\chat.js
consign v0.1.6 Initialized in C:\projects\www\ntalk
+ .\models\usuario.js
+ .\controllers\chat.js
+ .\controllers\contatos.js
+ .\controllers\home.js
+ .\routes\chat.js
+ .\routes\contatos.js
+ .\routes\home.js
+ .\events\chat.js
consign v0.1.6 Initialized in C:\projects\www\ntalk
+ .\models\usuario.js
+ .\controllers\chat.js
+ .\controllers\contatos.js
+ .\controllers\home.js
+ .\routes\chat.js
+ .\routes\contatos.js
consign v0.1.6 Initialized in C:\projects\www\ntalk
+ .\routes\home.js
+ .\events\chat.js
+ .\models\usuario.js
+ .\controllers\chat.js
+ .\controllers\contatos.js
+ .\controllers\home.js
+ .\routes\chat.js
+ .\routes\contatos.js
+ .\routes\home.js
+ .\events\chat.js
Ntalk no ar
Cluster 5960 conectado
Ntalk no ar
Cluster 9584 conectado
Ntalk no ar
Cluster 6644 conectado
Ntalk no ar
Cluster 660 conectado
