consign v0.1.6 Initialized in C:\projects\www\ntalk
+ .\models\usuario.js
+ .\controllers\chat.js
+ .\controllers\contatos.js
consign v0.1.6 Initialized in C:\projects\www\ntalk
+ .\controllers\home.js
+ .\routes\chat.js
+ .\routes\contatos.js
+ .\routes\home.js
+ .\events\chat.js
+ .\models\usuario.js
+ .\controllers\chat.js
+ .\controllers\contatos.js
+ .\controllers\home.js
+ .\routes\chat.js
+ .\routes\contatos.js
+ .\routes\home.js
+ .\events\chat.js
consign v0.1.6 Initialized in C:\projects\www\ntalk
consign v0.1.6 Initialized in C:\projects\www\ntalk
+ .\models\usuario.js
+ .\models\usuario.js
+ .\controllers\chat.js
+ .\controllers\contatos.js
+ .\controllers\chat.js
+ .\controllers\home.js
+ .\controllers\contatos.js
+ .\controllers\home.js
+ .\routes\chat.js
+ .\routes\contatos.js
+ .\routes\chat.js
+ .\routes\home.js
+ .\routes\contatos.js
+ .\routes\home.js
+ .\events\chat.js
+ .\events\chat.js
Ntalk no ar
Ntalk no ar
Cluster 8852 conectado
Cluster 2352 conectado
Ntalk no ar
Cluster 8068 conectado
Ntalk no ar
Cluster 5348 conectado
